2019-10-02 21:10:823 INFO  Definitions:45 - Website is up and Running.
2019-10-02 21:10:606 INFO  Definitions:45 - Website is up and Running.
2019-10-02 21:10:721 INFO  Definitions:268 - Login Successfull.
2019-10-02 21:10:549 INFO  Definitions:45 - Website is up and Running.
2019-10-02 21:10:773 INFO  Definitions:97 - Sign in successful.
2019-10-02 21:10:370 INFO  Definitions:268 - Login Successfull.
2019-10-02 21:10:489 INFO  Definitions:45 - Website is up and Running.
2019-10-02 21:10:570 INFO  Definitions:97 - Sign in successful.
2019-10-02 21:10:853 INFO  Definitions:268 - Login Successfull.
2019-10-02 21:10:914 INFO  Definitions:56 - User logged in.
2019-10-02 21:10:552 INFO  Definitions:45 - Website is up and Running.
2019-10-02 21:10:765 INFO  Definitions:97 - Sign in successful.
2019-10-02 21:10:186 INFO  Definitions:268 - Login Successfull.
2019-10-02 21:10:285 INFO  Definitions:56 - User logged in.
2019-10-02 21:10:466 INFO  Definitions:45 - Website is up and Running.
2019-10-02 21:10:782 INFO  Definitions:97 - Sign in successful.
2019-10-02 21:10:403 INFO  Definitions:268 - Login Successfull.
2019-10-02 21:10:480 INFO  Definitions:56 - User logged in.
2019-10-02 21:10:589 INFO  Definitions:45 - Website is up and Running.
2019-10-02 21:10:757 INFO  Definitions:268 - Login Successfull.
2019-10-02 21:10:817 INFO  Definitions:56 - User logged in.
2019-10-02 21:10:333 DEBUG Definitions:359 - Prime Membership Details : Your membership will expire on May 03, 2020. You will be informed via email or SMS and can renew only after expiry.
2019-10-02 21:10:829 INFO  Definitions:45 - Website is up and Running.
2019-10-02 21:10:224 INFO  Definitions:268 - Login Successfull.
2019-10-02 21:10:306 INFO  Definitions:56 - User logged in.
2019-10-02 21:10:776 INFO  Definitions:367 - Deals for Prime Member Present
2019-10-02 21:10:722 INFO  Definitions:45 - Website is up and Running.
2019-10-02 21:10:164 INFO  Definitions:268 - Login Successfull.
2019-10-02 21:10:530 INFO  Definitions:56 - User logged in.
2019-10-02 21:10:39 DEBUG Definitions:374 - Prime Video Opened with following URL https://www.primevideo.com/
2019-10-02 21:10:457 INFO  Definitions:45 - Website is up and Running.
2019-10-02 21:10:786 INFO  Definitions:97 - Sign in successful.
2019-10-02 21:10:715 INFO  Definitions:268 - Login Successfull.
2019-10-02 21:10:58 INFO  Definitions:56 - User logged in.
2019-10-02 21:10:581 INFO  Definitions:45 - Website is up and Running.
2019-10-02 21:10:521 INFO  Definitions:97 - Sign in successful.
2019-10-02 21:10:258 INFO  Definitions:268 - Login Successfull.
2019-10-02 21:10:660 INFO  Definitions:56 - User logged in.
2019-10-02 21:10:34 INFO  Definitions:45 - Website is up and Running.
2019-10-02 21:10:888 INFO  Definitions:268 - Login Successfull.
2019-10-02 21:10:222 INFO  Definitions:56 - User logged in.
2019-10-02 21:10:865 INFO  Definitions:45 - Website is up and Running.
2019-10-02 21:10:873 INFO  Definitions:97 - Sign in successful.
2019-10-02 21:10:672 INFO  Definitions:268 - Login Successfull.
2019-10-02 21:10:980 INFO  Definitions:56 - User logged in.
2019-10-02 21:10:676 INFO  Definitions:45 - Website is up and Running.
2019-10-02 21:10:780 INFO  Definitions:268 - Login Successfull.
2019-10-02 21:10:891 INFO  Definitions:56 - User logged in.
2019-10-02 21:10:234 INFO  Definitions:45 - Website is up and Running.
2019-10-02 21:10:277 INFO  Definitions:97 - Sign in successful.
2019-10-02 21:10:966 INFO  Definitions:268 - Login Successfull.
2019-10-02 21:10:339 INFO  Definitions:56 - User logged in.
2019-10-02 21:10:589 DEBUG Definitions:445 - Please find the Order dates of Year 2018 below : 
2019-10-02 21:10:541 INFO  Definitions:45 - Website is up and Running.
2019-10-02 21:10:577 INFO  Definitions:97 - Sign in successful.
2019-10-02 21:10:579 INFO  Definitions:268 - Login Successfull.
2019-10-02 21:10:881 INFO  Definitions:56 - User logged in.
2019-10-02 21:10:481 INFO  Definitions:45 - Website is up and Running.
2019-10-02 21:10:365 INFO  Definitions:97 - Sign in successful.
2019-10-02 21:10:961 INFO  Definitions:268 - Login Successfull.
2019-10-02 21:10:42 INFO  Definitions:56 - User logged in.
2019-10-02 21:10:753 INFO  Definitions:45 - Website is up and Running.
2019-10-02 21:10:154 INFO  Definitions:97 - Sign in successful.
2019-10-02 21:10:599 INFO  Definitions:268 - Login Successfull.
2019-10-02 21:10:100 INFO  Definitions:156 - Items found in cart. Test Case will proceed.
2019-10-02 21:10:774 INFO  Definitions:45 - Website is up and Running.
2019-10-02 21:10:756 INFO  Definitions:97 - Sign in successful.
2019-10-02 21:10:10 INFO  Definitions:268 - Login Successfull.
2019-10-02 21:10:783 INFO  Definitions:156 - Items found in cart. Test Case will proceed.
2019-10-02 21:10:544 INFO  Definitions:45 - Website is up and Running.
2019-10-02 21:10:134 INFO  Definitions:268 - Login Successfull.
2019-10-02 21:10:516 INFO  Definitions:56 - User logged in.
2019-10-02 21:10:690 INFO  Definitions:45 - Website is up and Running.
2019-10-02 21:10:560 INFO  Definitions:97 - Sign in successful.
2019-10-02 21:10:946 INFO  Definitions:268 - Login Successfull.
2019-10-02 21:10:447 INFO  Definitions:156 - Items found in cart. Test Case will proceed.
2019-10-02 21:10:735 FATAL Definitions:402 - No items in the cart. Test Case will fail.
2019-10-02 21:10:866 INFO  Definitions:45 - Website is up and Running.
2019-10-02 21:10:800 INFO  Definitions:97 - Sign in successful.
2019-10-02 21:10:812 INFO  Definitions:268 - Login Successfull.
2019-10-02 21:10:585 INFO  Definitions:45 - Website is up and Running.
2019-10-02 21:10:505 INFO  Definitions:97 - Sign in successful.
2019-10-02 21:10:137 INFO  Definitions:268 - Login Successfull.
2019-10-02 21:10:444 INFO  Definitions:45 - Website is up and Running.
2019-10-02 21:10:781 INFO  Definitions:97 - Sign in successful.
2019-10-02 21:10:468 INFO  Definitions:268 - Login Successfull.
